<?xml version="1.0" encoding="UTF-8"?>
<testng-results skipped="0" failed="0" ignored="0" total="2" passed="2">
  <reporter-output>
  </reporter-output>
  <suite name="Default suite" duration-ms="33" started-at="2019-04-13T06:29:06Z" finished-at="2019-04-13T06:29:06Z">
    <groups>
    </groups>
    <test name="Default test" duration-ms="33" started-at="2019-04-13T06:29:06Z" finished-at="2019-04-13T06:29:06Z">
      <class name="gollie_Pratice.TestTestNGSequence">
        <test-method status="PASS" signature="beforeSuite()[pri:0, instance:gollie_Pratice.TestTestNGSequence@3e6fa38a]" name="beforeSuite" is-config="true" duration-ms="10" started-at="2019-04-13T06:29:06Z" finished-at="2019-04-13T06:29:06Z">
          <reporter-output>
          </reporter-output>
        </test-method> <!-- beforeSuite -->
        <test-method status="PASS" signature="beforeTest()[pri:0, instance:gollie_Pratice.TestTestNGSequence@3e6fa38a]" name="beforeTest" is-config="true" duration-ms="0" started-at="2019-04-13T06:29:06Z" finished-at="2019-04-13T06:29:06Z">
          <reporter-output>
          </reporter-output>
        </test-method> <!-- beforeTest -->
        <test-method status="PASS" signature="beforeClass()[pri:0, instance:gollie_Pratice.TestTestNGSequence@3e6fa38a]" name="beforeClass" is-config="true" duration-ms="1" started-at="2019-04-13T06:29:06Z" finished-at="2019-04-13T06:29:06Z">
          <reporter-output>
          </reporter-output>
        </test-method> <!-- beforeClass -->
        <test-method status="PASS" signature="test()[pri:0, instance:gollie_Pratice.TestTestNGSequence@3e6fa38a]" name="test" duration-ms="4" started-at="2019-04-13T06:29:06Z" finished-at="2019-04-13T06:29:06Z">
          <reporter-output>
          </reporter-output>
        </test-method> <!-- test -->
        <test-method status="PASS" signature="beforeMethod()[pri:0, instance:gollie_Pratice.TestTestNGSequence@3e6fa38a]" name="beforeMethod" is-config="true" duration-ms="0" started-at="2019-04-13T06:29:06Z" finished-at="2019-04-13T06:29:06Z">
          <reporter-output>
          </reporter-output>
        </test-method> <!-- beforeMethod -->
        <test-method status="PASS" signature="afterMethod()[pri:0, instance:gollie_Pratice.TestTestNGSequence@3e6fa38a]" name="afterMethod" is-config="true" duration-ms="2" started-at="2019-04-13T06:29:06Z" finished-at="2019-04-13T06:29:06Z">
          <reporter-output>
          </reporter-output>
        </test-method> <!-- afterMethod -->
        <test-method status="PASS" signature="test2()[pri:0, instance:gollie_Pratice.TestTestNGSequence@3e6fa38a]" name="test2" duration-ms="2" started-at="2019-04-13T06:29:06Z" finished-at="2019-04-13T06:29:06Z">
          <reporter-output>
          </reporter-output>
        </test-method> <!-- test2 -->
        <test-method status="PASS" signature="beforeMethod()[pri:0, instance:gollie_Pratice.TestTestNGSequence@3e6fa38a]" name="beforeMethod" is-config="true" duration-ms="0" started-at="2019-04-13T06:29:06Z" finished-at="2019-04-13T06:29:06Z">
          <reporter-output>
          </reporter-output>
        </test-method> <!-- beforeMethod -->
        <test-method status="PASS" signature="afterMethod()[pri:0, instance:gollie_Pratice.TestTestNGSequence@3e6fa38a]" name="afterMethod" is-config="true" duration-ms="0" started-at="2019-04-13T06:29:06Z" finished-at="2019-04-13T06:29:06Z">
          <reporter-output>
          </reporter-output>
        </test-method> <!-- afterMethod -->
        <test-method status="PASS" signature="afterClass()[pri:0, instance:gollie_Pratice.TestTestNGSequence@3e6fa38a]" name="afterClass" is-config="true" duration-ms="1" started-at="2019-04-13T06:29:06Z" finished-at="2019-04-13T06:29:06Z">
          <reporter-output>
          </reporter-output>
        </test-method> <!-- afterClass -->
        <test-method status="PASS" signature="afterTest()[pri:0, instance:gollie_Pratice.TestTestNGSequence@3e6fa38a]" name="afterTest" is-config="true" duration-ms="0" started-at="2019-04-13T06:29:06Z" finished-at="2019-04-13T06:29:06Z">
          <reporter-output>
          </reporter-output>
        </test-method> <!-- afterTest -->
        <test-method status="PASS" signature="afterSuite()[pri:0, instance:gollie_Pratice.TestTestNGSequence@3e6fa38a]" name="afterSuite" is-config="true" duration-ms="0" started-at="2019-04-13T06:29:06Z" finished-at="2019-04-13T06:29:06Z">
          <reporter-output>
          </reporter-output>
        </test-method> <!-- afterSuite -->
      </class> <!-- gollie_Pratice.TestTestNGSequence -->
    </test> <!-- Default test -->
  </suite> <!-- Default suite -->
</testng-results>
